                                                                                                                                     DECEMBER2018

continued                                                          December 25|CENTRALASIA
                                                                  Boris is a young follower of Christ. Because of his faith, he has
December20|SYRIA                                                   been beaten up twice and hospitalized. Pray for his protection and
Praise God for the Church and its presence in many cities and
                                                                   that love would show itself stronger than hate.
towns. Pray for church leadership and that it will be passionate
to serve the poor and oppressed.                                   December 26 |CHINA

                                                                   Local authorities recently interrogated Daniel*, a secret Bible
December21|IRAQ                                                    translator, because they suspect his involvement in the ministry.
Please pray for the rebuilding of the church in Iraq. Compared     Pray with Daniel to be strengthened by God’s Spirit.
to the 1990s, only around 10 percent of the Christian population
still lives in Iraq. Pray that the church here will continue to
                                                                   December 27|CAMEROON
grow as God heals and restores.                                    Christians in West Africa continue to face attacks from Boko
                                                                   Haram. Pray for God’s comfort for traumatized believers and for Prayer request bulletin
                                                                   continued provision of food and shelter to the displaced.       for persecuted
    Women                                                                                                                          Christians worldwide
                                My flesh and my heart
                               may fail, but God is the            December 28 |GUINEA
                                                                  A young convert, John*, is being threatened by his family and his
                               strength of my heart and
                                 my portion forever.              village. When his sister tried to warn him about plans against him,
                                   – Psalm 73:26                   she was attacked. Pray for protection over the pastor who led
                                                                  John to Christ; he also is in danger.


December22|ETHIOPIA                                                December 29 |NIGERIA
                                                                  Violence from militant groups has caused believers like Ruth
Debora*, Eden*, Gifti* and Mihret* ended up in jail for three      untold heartache: “My husband was killed, and my house was
months because they offended local Muslim leaders by sharing       burned down,” she says during a trauma care seminar. Pray with
their faith. Through partners, Open Doors supported them with
prayer and trauma counseling. Praise the Lord for their faith      Ruth as she draws strength in her grief.
and courage.
                                                                   December 30 |MOROCCO

December23|GUINEA                                                  Local authorities are keeping a close eye on home groups. Pray for
Mother Luupou was one of the senior women in her village’s        wisdom for how to deal with this, as believers are spread
                                                                   throughout the country. Pray for unity among believers in the
witchcraft practices. She recently gave her life to Christ, which  many different areas.
has led to severe persecution. Pray that the Lord reveals
Himself to her persecutors.
                                                                   December 31 |TUNISIA
                                                                   Pray for people who came to faith during Ramadan. They are
December24|MALI
After attempts to convert Juliana to Islam were unsuccessful, her  now searching for groups to join and their faith to grow. Pray
husband abandoned her and their new baby. Through partners on      they will find these groups.
the ground, Open Doors helped her start a small business. Pray that

Juliana will continue to move forward.


  Believers                   We were buried therefore
                            with Him by baptism into death,
                              in order that, just as Christ
                            was raised from the dead by the       *Nameschangedtoprotectidentities

                           glory of the Father, we too might                                       Open Doors USA
                                walk in newness of life.                                           P.O. Box 27001
                                   – Romans 6:4                                                    Santa Ana, CA 92799 USA
                                                                                                   OpenDoorsUSA.org
                                                                                                                                                          *Representativephotousedtoprotectidentity.
As you look forward to celebrating the birth of our Savior,                                                                          December13|MALDIVES
persecuted believers in other countries like Somalia, Pakistan       Pastors                                                         Pray for the ministry among Maldivians living outside the
and Nigeria are preparing for a time of heightened persecution.                               And I will give you shepherds          country. Pray that local churches in these surrounding
This month, join us in praying with the Church around the globe.                              after My own heart, who will
                                                                                              feed you with knowledge and            countries will reach out to this people with the gospel.

Christmas/Advent                                                                                    understanding.                   December14|NIGER
                                                                                                   – Jeremiah 3:15                   Salifou heard the gospel through a missionary. His

December 1|BRUNEI                                                                                                                    community is now pressuring him every day to come back to
In Brunei, public Christmas celebrations are banned. Believers                                                                       Islam. Pray that Salifou’s discipleship program would
can only celebrate in their own homes or in church. And for      December 8 |KYRGYZSTAN                                              continue strengthening his faith.
                                                                 Pastor Miran* was falsely accused of pedophilia last year by local
secret believers, Christmas must be even more private. Pray that Muslim authorities as an act of revenge for following Christ.
this year’s Christmas will be meaningful.                        Now, the pastor and church members are under surveillance.           Churches

                                                                 Pray for him and his church; and for God’s protection over their
December 2|INDONESIA                                             lives, families and ministry.                                                                    And He is the head of the
Pray for the nation’s security during Christmas. Recent church                                                                                                      body, the Church...
bombings are potential signs that there will be more threats during                                                                                                 – Colossians 1:18a
this time. Pray that Christmas will be safe and that Indonesia’s December 9|TAJIKISTAN
programs combating terrorism will be effective.                  Keep praying for Pastor Bahrom Holmatov. He was imprisoned
                                                                 for three years on false accusations of extremism. “Just keep
                                                                 praying for me and my family,” he asks. “I am ready to go
December 3|MALAYSIA                                              through this.”                                                      December15|KAZAKHSTAN
Churches in Malaysia will be offering programs to share about
                                                                                                                                     Pray with churches increasingly monitored by secret police
Christ and the purpose of His coming. Pray that through these                                        Then Jesus said                 and for church leaders who face more difficulties.
activities, the message of Christmas and the gospel of salvation  Discipleship                       to His disciples,
will impact and draw many to Jesus.                                                                “Whoever wants to be              December16|CHINA
                                                                                                   My disciple must deny
                                                                                                    themselves and take              The situation for Buddhist-background believers continues to
December 4 |ISRAELANDTHEPALESTINIAN                                                                   up their cross                 deteriorate. A number of Chinese house churches have also
TERRITORIES                                                                                          and follow Me.”                 been ordered to discontinue their meetings. Ask God to
Pray for Palestinian Christians in Bethlehem and surrounding areas.                                                                  strengthen the underground church as religious freedoms
                                                                                                     – Matthew 16:24
Pray this will be a blessed time. Pray churches will play a special                                                                  continue to shrink.
role in peacemaking and reconciliation.
                                                                 December10|PAKISTAN                                                 December17|ALGERIA
                                                                 Pray for the students at ALIVE Bible College who began their        The country is gearing up for presidential elections during
December 5 |ALGERIA                                              theological studies in mid-September. Pray they are settling well
Please pray with North African Christians here, where the        into their learning environment as they move forward in their       spring 2019. Please pray for stability and peace and that this
church celebrates amid a Muslim-majority population. God, we                                                                         election will positively impact Algerians and ease pressure
pray a blessing over these believers’ celebrations, for safety, andree-year course of study.                                         on the church.
for this time to be an opportunity to share about the Good News.
                                                                 December11|BANGLADESH
                                                                                                                                     December18|IRAQ
December 6 |IRAN                                                 Pray for Eusuf, 21, who says, “Those who know of my                 Pray for church leaders, that they will make the right
Each December, pressure on Persian-speaking Christians and       conversion have been troubling me, but I depend on God and          decisions when people from destroyed villages begin moving
house churches increases. The Iranian regime security forces     believe He will protect me.” Eusuf is attending Open Doors’         home. Pray for an end to the spirit of war that has dominated
                                                                 persecution awareness training.
usually arrest more Christians around Christmastime. Please                                                                          this country for decades.
pray for protection for believers.
                                                                 December12|BRUNEI                                                   December19|CHINA
                                                                 The number of Christians is shrinking rapidly in the face of       As the government ramps up its demands that China’s house
December 7 |BANGLADESH                                           intense Islamization by the government. Pray that efforts by
Pray with all believers, that they will celebrate Christmas in joy                                                                   churches register, pastors are increasingly under pressure.
and safety, even as Islamic extremism is on the rise. Pray againstocal churches will strengthen the discipleship of young believ-    Pray that a young generation of leaders would rise up and
the further Islamization of textbooks and for the ruling         ers in this small country.                                          usher in a new era of church growth.
government and opposition parties to work together.
